<?xml version="1.0" encoding="UTF-8"?>
<!-- Generated by org.testng.reporters.JUnitReportReporter -->
<testsuite hostname="LAPTOP-8CTV02M1" failures="0" tests="1" name="testNG.testNG2" time="0.009" errors="0" timestamp="2023-02-22T17:12:15 IST" skipped="0">
  <testcase classname="testNG.testNG2" name="testNG1" time="0.009"/>
  <system-out/>
</testsuite> <!-- testNG.testNG2 -->
