<?xml version="1.0" encoding="UTF-8"?>
<!-- Generated by org.testng.reporters.JUnitReportReporter -->
<testsuite hostname="LAPTOP-8CTV02M1" failures="0" tests="3" name="testNG.testNG_practice_1$testNgPracticeClassTest" time="0.010" errors="0" timestamp="2023-02-28T22:25:55 IST" skipped="0">
  <testcase classname="testNG.testNG_practice_1$testNgPracticeClassTest" name="test3" time="0.003"/>
  <system-out/>
  <testcase classname="testNG.testNG_practice_1$testNgPracticeClassTest" name="test" time="0.005"/>
  <system-out/>
  <testcase classname="testNG.testNG_practice_1$testNgPracticeClassTest" name="test2" time="0.002"/>
  <system-out/>
</testsuite> <!-- testNG.testNG_practice_1$testNgPracticeClassTest -->
