<?xml version="1.0" encoding="UTF-8"?>
<!-- Generated by org.testng.reporters.JUnitReportReporter -->
<testsuite hostname="LAPTOP-8CTV02M1" failures="0" tests="1" name="test_case_practice.practice1" time="0.502" errors="0" timestamp="2023-03-04T11:48:52 IST" skipped="0">
  <testcase classname="test_case_practice.practice1" name="test" time="0.502"/>
  <system-out/>
</testsuite> <!-- test_case_practice.practice1 -->
