<?xml version="1.0" encoding="UTF-8"?>
<!-- Generated by org.testng.reporters.JUnitReportReporter -->
<testsuite hostname="LAPTOP-8CTV02M1" failures="0" tests="3" name="testNG.testNGPractice" time="0.008" errors="0" timestamp="2023-02-24T14:29:03 IST" skipped="0">
  <testcase classname="testNG.testNGPractice" name="test2" time="0.006"/>
  <system-out/>
  <testcase classname="testNG.testNGPractice" name="test2" time="0.001"/>
  <system-out/>
  <testcase classname="testNG.testNGPractice" name="test2" time="0.001"/>
  <system-out/>
</testsuite> <!-- testNG.testNGPractice -->
