<?xml version="1.0" encoding="UTF-8"?>
<!-- Generated by org.testng.reporters.JUnitReportReporter -->
<testsuite hostname="LAPTOP-8CTV02M1" failures="0" tests="1" name="testNG.testNG_practice_2$testNgPracticeClassTest1" time="0.002" errors="0" timestamp="2023-02-28T22:45:50 IST" skipped="0">
  <testcase classname="testNG.testNG_practice_2$testNgPracticeClassTest1" name="test" time="0.002"/>
  <system-out/>
</testsuite> <!-- testNG.testNG_practice_2$testNgPracticeClassTest1 -->
