<?xml version="1.0" encoding="UTF-8"?>
<!-- Generated by org.testng.reporters.JUnitReportReporter -->
<testsuite hostname="LAPTOP-8CTV02M1" failures="0" tests="1" name="ecommerce_flashcart_user.Flashcart_wishlist_mycart" time="3.773" errors="0" timestamp="2023-03-04T17:13:13 IST" skipped="0">
  <testcase classname="ecommerce_flashcart_user.Flashcart_wishlist_mycart" name="xyz" time="3.773"/>
  <system-out/>
</testsuite> <!-- ecommerce_flashcart_user.Flashcart_wishlist_mycart -->
