<?xml version="1.0" encoding="UTF-8"?>
<!-- Generated by org.testng.reporters.JUnitReportReporter -->
<testsuite hostname="LAPTOP-8CTV02M1" failures="0" tests="4" name="testNG.TestNG_FetchDataFromExcel" time="0.009" errors="0" timestamp="2023-02-24T13:10:24 IST" skipped="0">
  <testcase classname="testNG.TestNG_FetchDataFromExcel" name="test1" time="0.002"/>
  <system-out/>
  <testcase classname="testNG.TestNG_FetchDataFromExcel" name="test1" time="0.001"/>
  <system-out/>
  <testcase classname="testNG.TestNG_FetchDataFromExcel" name="test1" time="0.005"/>
  <system-out/>
  <testcase classname="testNG.TestNG_FetchDataFromExcel" name="test1" time="0.001"/>
  <system-out/>
</testsuite> <!-- testNG.TestNG_FetchDataFromExcel -->
