<?xml version="1.0" encoding="UTF-8"?>
<!-- Generated by org.testng.reporters.JUnitReportReporter -->
<testsuite hostname="LAPTOP-8CTV02M1" failures="0" tests="1" name="ecommerce_flashcart_user.Flashcart_order" time="6.345" errors="0" timestamp="2023-03-07T14:47:50 IST" skipped="0">
  <testcase classname="ecommerce_flashcart_user.Flashcart_order" name="xyz" time="6.345"/>
  <system-out/>
</testsuite> <!-- ecommerce_flashcart_user.Flashcart_order -->
