<?xml version="1.0" encoding="UTF-8"?>
<!-- Generated by org.testng.reporters.JUnitReportReporter -->
<testsuite hostname="LAPTOP-8CTV02M1" failures="0" tests="1" name="testNG.testNG1" time="0.008" errors="0" timestamp="2023-02-22T17:12:43 IST" skipped="0">
  <testcase classname="testNG.testNG1" name="testNG1" time="0.008"/>
  <system-out/>
</testsuite> <!-- testNG.testNG1 -->
