<?xml version="1.0" encoding="UTF-8"?>
<!-- Generated by org.testng.reporters.JUnitReportReporter -->
<testsuite hostname="LAPTOP-8CTV02M1" failures="0" tests="2" name="testNG.testNG_simple_practice" time="0.008" errors="0" timestamp="2023-03-02T12:33:25 IST" skipped="0">
  <testcase classname="testNG.testNG_simple_practice" name="test1" time="0.006"/>
  <system-out/>
  <testcase classname="testNG.testNG_simple_practice" name="test2" time="0.002"/>
  <system-out/>
</testsuite> <!-- testNG.testNG_simple_practice -->
