<?xml version="1.0" encoding="UTF-8"?>
<!-- Generated by org.testng.reporters.JUnitReportReporter -->
<testsuite hostname="LAPTOP-8CTV02M1" failures="0" tests="1" name="testNG.CrossBrowserParallelExecution2" time="0.304" errors="0" timestamp="2023-03-04T17:48:45 IST" skipped="0">
  <testcase classname="testNG.CrossBrowserParallelExecution2" name="chrome" time="0.304"/>
  <system-out/>
</testsuite> <!-- testNG.CrossBrowserParallelExecution2 -->
