<?xml version="1.0" encoding="UTF-8"?>
<!-- Generated by org.testng.reporters.JUnitReportReporter -->
<testsuite hostname="LAPTOP-8CTV02M1" failures="0" tests="1" name="ecommerce_flashcart_admin.Flashcart_Create_product" time="4.318" errors="0" timestamp="2023-03-07T10:15:39 IST" skipped="0">
  <testcase classname="ecommerce_flashcart_admin.Flashcart_Create_product" name="maintest" time="4.318"/>
  <system-out/>
</testsuite> <!-- ecommerce_flashcart_admin.Flashcart_Create_product -->
