<?xml version="1.0" encoding="UTF-8"?>
<!-- Generated by org.testng.reporters.JUnitReportReporter -->
<testsuite hostname="LAPTOP-8CTV02M1" failures="0" tests="1" name="test_case_practice.pacticeevery" time="0.599" errors="0" timestamp="2023-03-07T09:05:46 IST" skipped="0">
  <testcase classname="test_case_practice.pacticeevery" name="test" time="0.599"/>
  <system-out/>
</testsuite> <!-- test_case_practice.pacticeevery -->
