<?xml version="1.0" encoding="UTF-8"?>
<!-- Generated by org.testng.reporters.JUnitReportReporter -->
<testsuite hostname="LAPTOP-8CTV02M1" failures="0" tests="1" name="test_case_practice.testNG1" time="0.009" errors="0" timestamp="2023-02-22T14:45:49 IST" skipped="0">
  <testcase classname="test_case_practice.testNG1" name="test" time="0.009"/>
  <system-out/>
</testsuite> <!-- test_case_practice.testNG1 -->
