<?xml version="1.0" encoding="UTF-8"?>
<!-- Generated by org.testng.reporters.JUnitReportReporter -->
<testsuite hostname="LAPTOP-8CTV02M1" failures="0" tests="2" name="testNG.TestNG_Retry_Failed_TestCases_batchexecution" time="0.008" errors="0" timestamp="2023-03-02T12:24:13 IST" skipped="0">
  <testcase classname="testNG.TestNG_Retry_Failed_TestCases_batchexecution" name="vtiger" time="0.001"/>
  <system-out/>
  <testcase classname="testNG.TestNG_Retry_Failed_TestCases_batchexecution" name="ecommorceAdminPage" time="0.007"/>
  <system-out/>
</testsuite> <!-- testNG.TestNG_Retry_Failed_TestCases_batchexecution -->
