<?xml version="1.0" encoding="UTF-8"?>
<!-- Generated by org.testng.reporters.JUnitReportReporter -->
<testsuite hostname="LAPTOP-8CTV02M1" failures="0" tests="1" name="ecommerce_flashcart_admin.Flashcart_UserDeatils" time="4.415" errors="0" timestamp="2023-03-06T15:32:50 IST" skipped="0">
  <testcase classname="ecommerce_flashcart_admin.Flashcart_UserDeatils" name="test" time="4.415"/>
  <system-out/>
</testsuite> <!-- ecommerce_flashcart_admin.Flashcart_UserDeatils -->
