<?xml version="1.0" encoding="UTF-8"?>
<!-- Generated by org.testng.reporters.JUnitReportReporter -->
<testsuite hostname="LAPTOP-8CTV02M1" failures="0" tests="1" name="ecommerce_flashcart_remainingclasses.Testscript123" time="3.733" errors="0" timestamp="2023-02-27T17:54:55 IST" skipped="0">
  <testcase classname="ecommerce_flashcart_remainingclasses.Testscript123" name="xyz2" time="3.733"/>
  <system-out/>
</testsuite> <!-- ecommerce_flashcart_remainingclasses.Testscript123 -->
